109.06.22 21:58 B c:\6-rede\giba\crav\2005\ana-cata.jpg --> casacinepoa.com.br /home/giba/crav/2005 ana-cata.jpg
109.06.22 21:58 B c:\6-rede\giba\crav\2005\anamaria.jpg --> casacinepoa.com.br /home/giba/crav/2005 anamaria.jpg
109.06.22 21:58 B c:\6-rede\giba\crav\2005\ananda.jpg --> casacinepoa.com.br /home/giba/crav/2005 ananda.jpg
109.06.22 21:58 B c:\6-rede\giba\crav\2005\andrew.jpg --> casacinepoa.com.br /home/giba/crav/2005 andrew.jpg
109.06.22 21:58 B c:\6-rede\giba\crav\2005\anna-car.jpg --> casacinepoa.com.br /home/giba/crav/2005 anna-car.jpg
109.06.22 22:00 B c:\6-rede\giba\crav\2005\barbara.jpg --> casacinepoa.com.br /home/giba/crav/2005 barbara.jpg
109.06.22 22:00 B c:\6-rede\giba\crav\2005\bibiana.jpg --> casacinepoa.com.br /home/giba/crav/2005 bibiana.jpg
109.06.22 22:00 B c:\6-rede\giba\crav\2005\carla-s.jpg --> casacinepoa.com.br /home/giba/crav/2005 carla-s.jpg
109.06.22 22:00 B c:\6-rede\giba\crav\2005\cris-kl.jpg --> casacinepoa.com.br /home/giba/crav/2005 cris-kl.jpg
109.06.22 22:00 B c:\6-rede\giba\crav\2005\cristian.jpg --> casacinepoa.com.br /home/giba/crav/2005 cristian.jpg
109.06.22 22:00 B c:\6-rede\giba\crav\2005\fabiano.jpg --> casacinepoa.com.br /home/giba/crav/2005 fabiano.jpg
109.06.22 22:00 B c:\6-rede\giba\crav\2005\fdecarli.jpg --> casacinepoa.com.br /home/giba/crav/2005 fdecarli.jpg
109.06.22 22:00 B c:\6-rede\giba\crav\2005\fern-rez.jpg --> casacinepoa.com.br /home/giba/crav/2005 fern-rez.jpg
109.06.22 22:00 B c:\6-rede\giba\crav\2005\francine.jpg --> casacinepoa.com.br /home/giba/crav/2005 francine.jpg
109.06.22 22:00 B c:\6-rede\giba\crav\2005\gustavo.jpg --> casacinepoa.com.br /home/giba/crav/2005 gustavo.jpg
109.06.22 22:00 B c:\6-rede\giba\crav\2005\helene.jpg --> casacinepoa.com.br /home/giba/crav/2005 helene.jpg
109.06.22 22:00 B c:\6-rede\giba\crav\2005\jonathas.jpg --> casacinepoa.com.br /home/giba/crav/2005 jonathas.jpg
109.06.22 22:00 B c:\6-rede\giba\crav\2005\juli-dup.jpg --> casacinepoa.com.br /home/giba/crav/2005 juli-dup.jpg
109.06.22 22:00 B c:\6-rede\giba\crav\2005\leonardo.jpg --> casacinepoa.com.br /home/giba/crav/2005 leonardo.jpg
109.06.22 22:00 B c:\6-rede\giba\crav\2005\lpaulo.jpg --> casacinepoa.com.br /home/giba/crav/2005 lpaulo.jpg
109.06.22 22:00 B c:\6-rede\giba\crav\2005\lucas.jpg --> casacinepoa.com.br /home/giba/crav/2005 lucas.jpg
109.06.22 22:00 B c:\6-rede\giba\crav\2005\luciana.jpg --> casacinepoa.com.br /home/giba/crav/2005 luciana.jpg
109.06.22 22:00 B c:\6-rede\giba\crav\2005\marcella.jpg --> casacinepoa.com.br /home/giba/crav/2005 marcella.jpg
109.06.22 22:01 B c:\6-rede\giba\crav\2005\marciap.jpg --> casacinepoa.com.br /home/giba/crav/2005 marciap.jpg
109.06.22 22:01 B c:\6-rede\giba\crav\2005\marcusvd.jpg --> casacinepoa.com.br /home/giba/crav/2005 marcusvd.jpg
109.06.22 22:01 B c:\6-rede\giba\crav\2005\mariana.jpg --> casacinepoa.com.br /home/giba/crav/2005 mariana.jpg
109.06.22 22:01 B c:\6-rede\giba\crav\2005\marinamw.jpg --> casacinepoa.com.br /home/giba/crav/2005 marinamw.jpg
109.06.22 22:01 B c:\6-rede\giba\crav\2005\monique.jpg --> casacinepoa.com.br /home/giba/crav/2005 monique.jpg
109.06.22 22:01 B c:\6-rede\giba\crav\2005\mplentz.jpg --> casacinepoa.com.br /home/giba/crav/2005 mplentz.jpg
109.06.22 22:01 B c:\6-rede\giba\crav\2005\nicole.jpg --> casacinepoa.com.br /home/giba/crav/2005 nicole.jpg
109.06.22 22:01 B c:\6-rede\giba\crav\2005\patrickb.jpg --> casacinepoa.com.br /home/giba/crav/2005 patrickb.jpg
109.06.22 22:01 B c:\6-rede\giba\crav\2005\rafarech.jpg --> casacinepoa.com.br /home/giba/crav/2005 rafarech.jpg
109.06.22 22:01 B c:\6-rede\giba\crav\2005\roberto.jpg --> casacinepoa.com.br /home/giba/crav/2005 roberto.jpg
109.06.22 22:01 B c:\6-rede\giba\crav\2005\rodrigor.jpg --> casacinepoa.com.br /home/giba/crav/2005 rodrigor.jpg
109.06.22 22:01 B c:\6-rede\giba\crav\2005\taisa.jpg --> casacinepoa.com.br /home/giba/crav/2005 taisa.jpg
109.06.22 22:01 B c:\6-rede\giba\crav\2005\william.jpg --> casacinepoa.com.br /home/giba/crav/2005 william.jpg
