109.05.22 02:39 B c:\6-rede\giba\crav\2009\gabriela.jpg --> casacinepoa.com.br /home/giba/crav/2009 gabriela.jpg
109.05.22 02:39 B c:\6-rede\giba\crav\2009\amalia.jpg --> casacinepoa.com.br /home/giba/crav/2009 amalia.jpg
109.05.22 02:39 B c:\6-rede\giba\crav\2009\carolina.jpg --> casacinepoa.com.br /home/giba/crav/2009 carolina.jpg
109.06.22 22:05 B c:\6-rede\giba\crav\2009\alex.jpg --> casacinepoa.com.br /home/giba/crav/2009 alex.jpg
109.06.22 22:05 B c:\6-rede\giba\crav\2009\amalia.jpg --> casacinepoa.com.br /home/giba/crav/2009 amalia.jpg
109.06.22 22:05 B c:\6-rede\giba\crav\2009\bruno.jpg --> casacinepoa.com.br /home/giba/crav/2009 bruno.jpg
109.06.22 22:05 B c:\6-rede\giba\crav\2009\carolina.jpg --> casacinepoa.com.br /home/giba/crav/2009 carolina.jpg
109.06.22 22:05 B c:\6-rede\giba\crav\2009\daiane.jpg --> casacinepoa.com.br /home/giba/crav/2009 daiane.jpg
109.06.22 22:05 B c:\6-rede\giba\crav\2009\debora.jpg --> casacinepoa.com.br /home/giba/crav/2009 debora.jpg
109.06.22 22:05 B c:\6-rede\giba\crav\2009\diego.jpg --> casacinepoa.com.br /home/giba/crav/2009 diego.jpg
109.06.22 22:06 B c:\6-rede\giba\crav\2009\eduardo.jpg --> casacinepoa.com.br /home/giba/crav/2009 eduardo.jpg
109.06.22 22:06 B c:\6-rede\giba\crav\2009\elissa.jpg --> casacinepoa.com.br /home/giba/crav/2009 elissa.jpg
109.06.22 22:06 B c:\6-rede\giba\crav\2009\felipeie.jpg --> casacinepoa.com.br /home/giba/crav/2009 felipeie.jpg
109.06.22 22:06 B c:\6-rede\giba\crav\2009\filipe.jpg --> casacinepoa.com.br /home/giba/crav/2009 filipe.jpg
109.06.22 22:06 B c:\6-rede\giba\crav\2009\gabriela.jpg --> casacinepoa.com.br /home/giba/crav/2009 gabriela.jpg
109.06.22 22:06 B c:\6-rede\giba\crav\2009\giovani.jpg --> casacinepoa.com.br /home/giba/crav/2009 giovani.jpg
109.06.22 22:06 B c:\6-rede\giba\crav\2009\isadora.jpg --> casacinepoa.com.br /home/giba/crav/2009 isadora.jpg
109.06.22 22:06 B c:\6-rede\giba\crav\2009\jonatas.jpg --> casacinepoa.com.br /home/giba/crav/2009 jonatas.jpg
109.06.22 22:06 B c:\6-rede\giba\crav\2009\julia.jpg --> casacinepoa.com.br /home/giba/crav/2009 julia.jpg
109.06.22 22:06 B c:\6-rede\giba\crav\2009\leticia.jpg --> casacinepoa.com.br /home/giba/crav/2009 leticia.jpg
109.06.22 22:06 B c:\6-rede\giba\crav\2009\marcelo.jpg --> casacinepoa.com.br /home/giba/crav/2009 marcelo.jpg
109.06.22 22:06 B c:\6-rede\giba\crav\2009\marina.jpg --> casacinepoa.com.br /home/giba/crav/2009 marina.jpg
109.06.22 22:06 B c:\6-rede\giba\crav\2009\marinak.jpg --> casacinepoa.com.br /home/giba/crav/2009 marinak.jpg
109.06.22 22:06 B c:\6-rede\giba\crav\2009\natasha.jpg --> casacinepoa.com.br /home/giba/crav/2009 natasha.jpg
109.06.22 22:06 B c:\6-rede\giba\crav\2009\pedro.jpg --> casacinepoa.com.br /home/giba/crav/2009 pedro.jpg
109.06.22 22:06 B c:\6-rede\giba\crav\2009\rafael.jpg --> casacinepoa.com.br /home/giba/crav/2009 rafael.jpg
109.06.22 22:06 B c:\6-rede\giba\crav\2009\sergio.jpg --> casacinepoa.com.br /home/giba/crav/2009 sergio.jpg
109.06.22 22:06 B c:\6-rede\giba\crav\2009\tomaz.jpg --> casacinepoa.com.br /home/giba/crav/2009 tomaz.jpg
109.08.26 01:21 B c:\6-rede\giba\crav\2009\juliahb.jpg --> casacinepoa.com.br /home/giba/crav/2009 juliahb.jpg
