109.06.22 21:52 B c:\6-rede\giba\crav\2004\anajulia.jpg --> casacinepoa.com.br /home/giba/crav/2004 anajulia.jpg
109.06.22 21:52 B c:\6-rede\giba\crav\2004\angela.jpg --> casacinepoa.com.br /home/giba/crav/2004 angela.jpg
109.06.22 21:52 B c:\6-rede\giba\crav\2004\bernardo.jpg --> casacinepoa.com.br /home/giba/crav/2004 bernardo.jpg
109.06.22 21:52 B c:\6-rede\giba\crav\2004\brunop.jpg --> casacinepoa.com.br /home/giba/crav/2004 brunop.jpg
109.06.22 21:52 B c:\6-rede\giba\crav\2004\carol-b.jpg --> casacinepoa.com.br /home/giba/crav/2004 carol-b.jpg
109.06.22 21:52 B c:\6-rede\giba\crav\2004\charles.jpg --> casacinepoa.com.br /home/giba/crav/2004 charles.jpg
109.06.22 21:52 B c:\6-rede\giba\crav\2004\clara.jpg --> casacinepoa.com.br /home/giba/crav/2004 clara.jpg
109.06.22 21:52 B c:\6-rede\giba\crav\2004\daniela.jpg --> casacinepoa.com.br /home/giba/crav/2004 daniela.jpg
109.06.22 21:52 B c:\6-rede\giba\crav\2004\denise.jpg --> casacinepoa.com.br /home/giba/crav/2004 denise.jpg
109.06.22 21:52 B c:\6-rede\giba\crav\2004\enzo.jpg --> casacinepoa.com.br /home/giba/crav/2004 enzo.jpg
109.06.22 21:52 B c:\6-rede\giba\crav\2004\fabiano.jpg --> casacinepoa.com.br /home/giba/crav/2004 fabiano.jpg
109.06.22 21:55 B c:\6-rede\giba\crav\2004\fabio-ca.jpg --> casacinepoa.com.br /home/giba/crav/2004 fabio-ca.jpg
109.06.22 21:56 B c:\6-rede\giba\crav\2004\fred.jpg --> casacinepoa.com.br /home/giba/crav/2004 fred.jpg
109.06.22 21:56 B c:\6-rede\giba\crav\2004\gilson.jpg --> casacinepoa.com.br /home/giba/crav/2004 gilson.jpg
109.06.22 21:56 B c:\6-rede\giba\crav\2004\ian.jpg --> casacinepoa.com.br /home/giba/crav/2004 ian.jpg
109.06.22 21:56 B c:\6-rede\giba\crav\2004\jardel.jpg --> casacinepoa.com.br /home/giba/crav/2004 jardel.jpg
109.06.22 21:56 B c:\6-rede\giba\crav\2004\joao-bat.jpg --> casacinepoa.com.br /home/giba/crav/2004 joao-bat.jpg
109.06.22 21:56 B c:\6-rede\giba\crav\2004\jose-bri.jpg --> casacinepoa.com.br /home/giba/crav/2004 jose-bri.jpg
109.06.22 21:56 B c:\6-rede\giba\crav\2004\julia.jpg --> casacinepoa.com.br /home/giba/crav/2004 julia.jpg
109.06.22 21:56 B c:\6-rede\giba\crav\2004\lcarlos.jpg --> casacinepoa.com.br /home/giba/crav/2004 lcarlos.jpg
109.06.22 21:56 B c:\6-rede\giba\crav\2004\leandro.jpg --> casacinepoa.com.br /home/giba/crav/2004 leandro.jpg
109.06.22 21:56 B c:\6-rede\giba\crav\2004\lisiana.jpg --> casacinepoa.com.br /home/giba/crav/2004 lisiana.jpg
109.06.22 21:56 B c:\6-rede\giba\crav\2004\lmario.jpg --> casacinepoa.com.br /home/giba/crav/2004 lmario.jpg
109.06.22 21:56 B c:\6-rede\giba\crav\2004\lucas.jpg --> casacinepoa.com.br /home/giba/crav/2004 lucas.jpg
109.06.22 21:56 B c:\6-rede\giba\crav\2004\lufe.jpg --> casacinepoa.com.br /home/giba/crav/2004 lufe.jpg
109.06.22 21:56 B c:\6-rede\giba\crav\2004\luiscarl.jpg --> casacinepoa.com.br /home/giba/crav/2004 luiscarl.jpg
109.06.22 21:56 B c:\6-rede\giba\crav\2004\marciamw.jpg --> casacinepoa.com.br /home/giba/crav/2004 marciamw.jpg
109.06.22 21:56 B c:\6-rede\giba\crav\2004\marianab.jpg --> casacinepoa.com.br /home/giba/crav/2004 marianab.jpg
109.06.22 21:56 B c:\6-rede\giba\crav\2004\marihirt.jpg --> casacinepoa.com.br /home/giba/crav/2004 marihirt.jpg
109.06.22 21:56 B c:\6-rede\giba\crav\2004\pablo.jpg --> casacinepoa.com.br /home/giba/crav/2004 pablo.jpg
109.06.22 21:56 B c:\6-rede\giba\crav\2004\pedrok.jpg --> casacinepoa.com.br /home/giba/crav/2004 pedrok.jpg
109.06.22 21:56 B c:\6-rede\giba\crav\2004\renata.jpg --> casacinepoa.com.br /home/giba/crav/2004 renata.jpg
109.06.22 21:56 B c:\6-rede\giba\crav\2004\rodrigoc.jpg --> casacinepoa.com.br /home/giba/crav/2004 rodrigoc.jpg
109.06.22 21:56 B c:\6-rede\giba\crav\2004\teresa.jpg --> casacinepoa.com.br /home/giba/crav/2004 teresa.jpg
109.06.22 21:56 B c:\6-rede\giba\crav\2004\thomas.jpg --> casacinepoa.com.br /home/giba/crav/2004 thomas.jpg
109.06.22 21:56 B c:\6-rede\giba\crav\2004\valentin.jpg --> casacinepoa.com.br /home/giba/crav/2004 valentin.jpg
109.06.22 21:56 B c:\6-rede\giba\crav\2004\vanessa.jpg --> casacinepoa.com.br /home/giba/crav/2004 vanessa.jpg
109.06.22 21:56 B c:\6-rede\giba\crav\2004\vinic-br.jpg --> casacinepoa.com.br /home/giba/crav/2004 vinic-br.jpg
109.06.22 21:56 B c:\6-rede\giba\crav\2004\vinicius.jpg --> casacinepoa.com.br /home/giba/crav/2004 vinicius.jpg
