109.05.22 02:39 B c:\6-rede\giba\crav\2008\bruno.jpg --> casacinepoa.com.br /home/giba/crav/2008 bruno.jpg
109.06.22 22:05 B c:\6-rede\giba\crav\2008\amanda.jpg --> casacinepoa.com.br /home/giba/crav/2008 amanda.jpg
109.06.22 22:05 B c:\6-rede\giba\crav\2008\andreia.jpg --> casacinepoa.com.br /home/giba/crav/2008 andreia.jpg
109.06.22 22:05 B c:\6-rede\giba\crav\2008\bruno.jpg --> casacinepoa.com.br /home/giba/crav/2008 bruno.jpg
109.06.22 22:05 B c:\6-rede\giba\crav\2008\daniel.jpg --> casacinepoa.com.br /home/giba/crav/2008 daniel.jpg
109.06.22 22:05 B c:\6-rede\giba\crav\2008\fabio.jpg --> casacinepoa.com.br /home/giba/crav/2008 fabio.jpg
109.06.22 22:05 B c:\6-rede\giba\crav\2008\felipe.jpg --> casacinepoa.com.br /home/giba/crav/2008 felipe.jpg
109.06.22 22:05 B c:\6-rede\giba\crav\2008\fernanda.jpg --> casacinepoa.com.br /home/giba/crav/2008 fernanda.jpg
109.06.22 22:05 B c:\6-rede\giba\crav\2008\gabriel.jpg --> casacinepoa.com.br /home/giba/crav/2008 gabriel.jpg
109.06.22 22:05 B c:\6-rede\giba\crav\2008\germano.jpg --> casacinepoa.com.br /home/giba/crav/2008 germano.jpg
109.06.22 22:05 B c:\6-rede\giba\crav\2008\giuliana.jpg --> casacinepoa.com.br /home/giba/crav/2008 giuliana.jpg
109.06.22 22:05 B c:\6-rede\giba\crav\2008\guilherme.jpg --> casacinepoa.com.br /home/giba/crav/2008 guilherme.jpg
109.06.22 22:05 B c:\6-rede\giba\crav\2008\guilhermo.jpg --> casacinepoa.com.br /home/giba/crav/2008 guilhermo.jpg
109.06.22 22:05 B c:\6-rede\giba\crav\2008\henrique.jpg --> casacinepoa.com.br /home/giba/crav/2008 henrique.jpg
109.06.22 22:05 B c:\6-rede\giba\crav\2008\jean.jpg --> casacinepoa.com.br /home/giba/crav/2008 jean.jpg
109.06.22 22:05 B c:\6-rede\giba\crav\2008\joao.jpg --> casacinepoa.com.br /home/giba/crav/2008 joao.jpg
109.06.22 22:05 B c:\6-rede\giba\crav\2008\juliana.jpg --> casacinepoa.com.br /home/giba/crav/2008 juliana.jpg
109.06.22 22:05 B c:\6-rede\giba\crav\2008\kim.jpg --> casacinepoa.com.br /home/giba/crav/2008 kim.jpg
109.06.22 22:05 B c:\6-rede\giba\crav\2008\lucas.jpg --> casacinepoa.com.br /home/giba/crav/2008 lucas.jpg
109.06.22 22:05 B c:\6-rede\giba\crav\2008\lydia.jpg --> casacinepoa.com.br /home/giba/crav/2008 lydia.jpg
109.06.22 22:05 B c:\6-rede\giba\crav\2008\maico.jpg --> casacinepoa.com.br /home/giba/crav/2008 maico.jpg
109.06.22 22:05 B c:\6-rede\giba\crav\2008\matheus.jpg --> casacinepoa.com.br /home/giba/crav/2008 matheus.jpg
109.06.22 22:05 B c:\6-rede\giba\crav\2008\pauliana.jpg --> casacinepoa.com.br /home/giba/crav/2008 pauliana.jpg
109.06.22 22:05 B c:\6-rede\giba\crav\2008\rafael.jpg --> casacinepoa.com.br /home/giba/crav/2008 rafael.jpg
109.06.22 22:05 B c:\6-rede\giba\crav\2008\taina.jpg --> casacinepoa.com.br /home/giba/crav/2008 taina.jpg
109.06.22 22:05 B c:\6-rede\giba\crav\2008\thaise.jpg --> casacinepoa.com.br /home/giba/crav/2008 thaise.jpg
109.06.22 22:05 B c:\6-rede\giba\crav\2008\tiago.jpg --> casacinepoa.com.br /home/giba/crav/2008 tiago.jpg
109.09.16 01:01 B c:\6-rede\giba\crav\2008\kallane.jpg --> casacinepoa.com.br /home/giba/crav/2008 kallane.jpg
110.07.27 00:09 B c:\6-rede\giba\crav\2008\felipesm.jpg --> casacinepoa.com.br /home/giba/crav/2008 felipesm.jpg
