109.05.22 02:39 B c:\6-rede\giba\crav\2006\rodgoes.jpg --> casacinepoa.com.br /home/giba/crav/2006 rodgoes.jpg
109.05.22 02:39 B c:\6-rede\giba\crav\2006\luizgonz.jpg --> casacinepoa.com.br /home/giba/crav/2006 luizgonz.jpg
109.06.22 22:01 B c:\6-rede\giba\crav\2006\alexandr.jpg --> casacinepoa.com.br /home/giba/crav/2006 alexandr.jpg
109.06.22 22:01 B c:\6-rede\giba\crav\2006\ana-port.jpg --> casacinepoa.com.br /home/giba/crav/2006 ana-port.jpg
109.06.22 22:01 B c:\6-rede\giba\crav\2006\camila.jpg --> casacinepoa.com.br /home/giba/crav/2006 camila.jpg
109.06.22 22:01 B c:\6-rede\giba\crav\2006\cristian.jpg --> casacinepoa.com.br /home/giba/crav/2006 cristian.jpg
109.06.22 22:01 B c:\6-rede\giba\crav\2006\dadalt.jpg --> casacinepoa.com.br /home/giba/crav/2006 dadalt.jpg
109.06.22 22:01 B c:\6-rede\giba\crav\2006\dani-alf.jpg --> casacinepoa.com.br /home/giba/crav/2006 dani-alf.jpg
109.06.22 22:01 B c:\6-rede\giba\crav\2006\danielb.jpg --> casacinepoa.com.br /home/giba/crav/2006 danielb.jpg
109.06.22 22:01 B c:\6-rede\giba\crav\2006\david.jpg --> casacinepoa.com.br /home/giba/crav/2006 david.jpg
109.06.22 22:01 B c:\6-rede\giba\crav\2006\diego.jpg --> casacinepoa.com.br /home/giba/crav/2006 diego.jpg
109.06.22 22:01 B c:\6-rede\giba\crav\2006\fulber.jpg --> casacinepoa.com.br /home/giba/crav/2006 fulber.jpg
109.06.22 22:01 B c:\6-rede\giba\crav\2006\gabriel.jpg --> casacinepoa.com.br /home/giba/crav/2006 gabriel.jpg
109.06.22 22:01 B c:\6-rede\giba\crav\2006\gesielen.jpg --> casacinepoa.com.br /home/giba/crav/2006 gesielen.jpg
109.06.22 22:01 B c:\6-rede\giba\crav\2006\guilhal.jpg --> casacinepoa.com.br /home/giba/crav/2006 guilhal.jpg
109.06.22 22:01 B c:\6-rede\giba\crav\2006\guilhpa.jpg --> casacinepoa.com.br /home/giba/crav/2006 guilhpa.jpg
109.06.22 22:01 B c:\6-rede\giba\crav\2006\hique.jpg --> casacinepoa.com.br /home/giba/crav/2006 hique.jpg
109.06.22 22:01 B c:\6-rede\giba\crav\2006\julianor.jpg --> casacinepoa.com.br /home/giba/crav/2006 julianor.jpg
109.06.22 22:01 B c:\6-rede\giba\crav\2006\julidias.jpg --> casacinepoa.com.br /home/giba/crav/2006 julidias.jpg
109.06.22 22:01 B c:\6-rede\giba\crav\2006\karine.jpg --> casacinepoa.com.br /home/giba/crav/2006 karine.jpg
109.06.22 22:01 B c:\6-rede\giba\crav\2006\luini.jpg --> casacinepoa.com.br /home/giba/crav/2006 luini.jpg
109.06.22 22:01 B c:\6-rede\giba\crav\2006\luizgonz.jpg --> casacinepoa.com.br /home/giba/crav/2006 luizgonz.jpg
109.06.22 22:01 B c:\6-rede\giba\crav\2006\ma-elisa.jpg --> casacinepoa.com.br /home/giba/crav/2006 ma-elisa.jpg
109.06.22 22:01 B c:\6-rede\giba\crav\2006\marcos.jpg --> casacinepoa.com.br /home/giba/crav/2006 marcos.jpg
109.06.22 22:01 B c:\6-rede\giba\crav\2006\matheus.jpg --> casacinepoa.com.br /home/giba/crav/2006 matheus.jpg
109.06.22 22:01 B c:\6-rede\giba\crav\2006\mauric.jpg --> casacinepoa.com.br /home/giba/crav/2006 mauric.jpg
109.06.22 22:01 B c:\6-rede\giba\crav\2006\onzi.jpg --> casacinepoa.com.br /home/giba/crav/2006 onzi.jpg
109.06.22 22:01 B c:\6-rede\giba\crav\2006\pamela.jpg --> casacinepoa.com.br /home/giba/crav/2006 pamela.jpg
109.06.22 22:01 B c:\6-rede\giba\crav\2006\robertb.jpg --> casacinepoa.com.br /home/giba/crav/2006 robertb.jpg
109.06.22 22:01 B c:\6-rede\giba\crav\2006\rod-marq.jpg --> casacinepoa.com.br /home/giba/crav/2006 rod-marq.jpg
109.06.22 22:01 B c:\6-rede\giba\crav\2006\rodgoes.jpg --> casacinepoa.com.br /home/giba/crav/2006 rodgoes.jpg
109.06.22 22:01 B c:\6-rede\giba\crav\2006\rodneves.jpg --> casacinepoa.com.br /home/giba/crav/2006 rodneves.jpg
109.06.22 22:01 B c:\6-rede\giba\crav\2006\rodr-mon.jpg --> casacinepoa.com.br /home/giba/crav/2006 rodr-mon.jpg
109.06.22 22:02 B c:\6-rede\giba\crav\2006\rogers.jpg --> casacinepoa.com.br /home/giba rogers.jpg
109.06.22 22:02 B c:\6-rede\giba\crav\2006\rzauza.jpg --> casacinepoa.com.br /home/giba rzauza.jpg
109.06.22 22:02 B c:\6-rede\giba\crav\2006\scherer.jpg --> casacinepoa.com.br /home/giba scherer.jpg
109.06.22 22:02 B c:\6-rede\giba\crav\2006\stefanyw.jpg --> casacinepoa.com.br /home/giba stefanyw.jpg
109.06.22 22:02 B c:\6-rede\giba\crav\2006\steph-be.jpg --> casacinepoa.com.br /home/giba steph-be.jpg
109.06.22 22:02 B c:\6-rede\giba\crav\2006\thiagok.jpg --> casacinepoa.com.br /home/giba thiagok.jpg
109.06.22 22:02 B c:\6-rede\giba\crav\2006\tiemy.jpg --> casacinepoa.com.br /home/giba tiemy.jpg
109.06.22 22:02 B c:\6-rede\giba\crav\2006\victor.jpg --> casacinepoa.com.br /home/giba victor.jpg
109.06.22 22:03 B c:\6-rede\giba\crav\2006\rogers.jpg --> casacinepoa.com.br /home/giba/crav/2006 rogers.jpg
109.06.22 22:03 B c:\6-rede\giba\crav\2006\rzauza.jpg --> casacinepoa.com.br /home/giba/crav/2006 rzauza.jpg
109.06.22 22:03 B c:\6-rede\giba\crav\2006\scherer.jpg --> casacinepoa.com.br /home/giba/crav/2006 scherer.jpg
109.06.22 22:03 B c:\6-rede\giba\crav\2006\stefanyw.jpg --> casacinepoa.com.br /home/giba/crav/2006 stefanyw.jpg
109.06.22 22:03 B c:\6-rede\giba\crav\2006\steph-be.jpg --> casacinepoa.com.br /home/giba/crav/2006 steph-be.jpg
109.06.22 22:03 B c:\6-rede\giba\crav\2006\thiagok.jpg --> casacinepoa.com.br /home/giba/crav/2006 thiagok.jpg
109.06.22 22:03 B c:\6-rede\giba\crav\2006\tiemy.jpg --> casacinepoa.com.br /home/giba/crav/2006 tiemy.jpg
109.06.22 22:03 B c:\6-rede\giba\crav\2006\victor.jpg --> casacinepoa.com.br /home/giba/crav/2006 victor.jpg
