109.06.22 21:48 B c:\6-rede\giba\crav\2003\bern-tur.jpg --> casacinepoa.com.br /home/giba/crav/2003 bern-tur.jpg
109.06.22 21:48 B c:\6-rede\giba\crav\2003\brunicos.jpg --> casacinepoa.com.br /home/giba/crav/2003 brunicos.jpg
109.06.22 21:48 B c:\6-rede\giba\crav\2003\brunob.jpg --> casacinepoa.com.br /home/giba/crav/2003 brunob.jpg
109.06.22 21:48 B c:\6-rede\giba\crav\2003\clarissa.jpg --> casacinepoa.com.br /home/giba/crav/2003 clarissa.jpg
109.06.22 21:48 B c:\6-rede\giba\crav\2003\claudio.jpg --> casacinepoa.com.br /home/giba/crav/2003 claudio.jpg
109.06.22 21:48 B c:\6-rede\giba\crav\2003\contrera.jpg --> casacinepoa.com.br /home/giba/crav/2003 contrera.jpg
109.06.22 21:48 B c:\6-rede\giba\crav\2003\denny.jpg --> casacinepoa.com.br /home/giba/crav/2003 denny.jpg
109.06.22 21:48 B c:\6-rede\giba\crav\2003\ezequiel.jpg --> casacinepoa.com.br /home/giba/crav/2003 ezequiel.jpg
109.06.22 21:48 B c:\6-rede\giba\crav\2003\gabardo.jpg --> casacinepoa.com.br /home/giba/crav/2003 gabardo.jpg
109.06.22 21:48 B c:\6-rede\giba\crav\2003\gabriela.jpg --> casacinepoa.com.br /home/giba/crav/2003 gabriela.jpg
109.06.22 21:48 B c:\6-rede\giba\crav\2003\guilherm.jpg --> casacinepoa.com.br /home/giba/crav/2003 guilherm.jpg
109.06.22 21:48 B c:\6-rede\giba\crav\2003\jessica.jpg --> casacinepoa.com.br /home/giba/crav/2003 jessica.jpg
109.06.22 21:48 B c:\6-rede\giba\crav\2003\juliano.jpg --> casacinepoa.com.br /home/giba/crav/2003 juliano.jpg
109.06.22 21:48 B c:\6-rede\giba\crav\2003\laimer.jpg --> casacinepoa.com.br /home/giba/crav/2003 laimer.jpg
109.06.22 21:52 B c:\6-rede\giba\crav\2003\marchett.jpg --> casacinepoa.com.br /home/giba/crav/2003 marchett.jpg
109.06.22 21:52 B c:\6-rede\giba\crav\2003\mariana.jpg --> casacinepoa.com.br /home/giba/crav/2003 mariana.jpg
109.06.22 21:52 B c:\6-rede\giba\crav\2003\martina.jpg --> casacinepoa.com.br /home/giba/crav/2003 martina.jpg
109.06.22 21:52 B c:\6-rede\giba\crav\2003\mauro.jpg --> casacinepoa.com.br /home/giba/crav/2003 mauro.jpg
109.06.22 21:52 B c:\6-rede\giba\crav\2003\mpaulo.jpg --> casacinepoa.com.br /home/giba/crav/2003 mpaulo.jpg
109.06.22 21:52 B c:\6-rede\giba\crav\2003\pedroh.jpg --> casacinepoa.com.br /home/giba/crav/2003 pedroh.jpg
109.06.22 21:52 B c:\6-rede\giba\crav\2003\polidoro.jpg --> casacinepoa.com.br /home/giba/crav/2003 polidoro.jpg
109.06.22 21:52 B c:\6-rede\giba\crav\2003\rabin.jpg --> casacinepoa.com.br /home/giba/crav/2003 rabin.jpg
109.06.22 21:52 B c:\6-rede\giba\crav\2003\rafael.jpg --> casacinepoa.com.br /home/giba/crav/2003 rafael.jpg
109.06.22 21:52 B c:\6-rede\giba\crav\2003\roberta.jpg --> casacinepoa.com.br /home/giba/crav/2003 roberta.jpg
109.06.22 21:52 B c:\6-rede\giba\crav\2003\tatiana.jpg --> casacinepoa.com.br /home/giba/crav/2003 tatiana.jpg
109.06.22 21:52 B c:\6-rede\giba\crav\2003\terence.jpg --> casacinepoa.com.br /home/giba/crav/2003 terence.jpg
109.06.22 21:52 B c:\6-rede\giba\crav\2003\tiagob.jpg --> casacinepoa.com.br /home/giba/crav/2003 tiagob.jpg
109.06.22 21:52 B c:\6-rede\giba\crav\2003\tiagoc.jpg --> casacinepoa.com.br /home/giba/crav/2003 tiagoc.jpg
109.06.22 21:52 B c:\6-rede\giba\crav\2003\vicente.jpg --> casacinepoa.com.br /home/giba/crav/2003 vicente.jpg
109.06.22 21:52 B c:\6-rede\giba\crav\2003\william.jpg --> casacinepoa.com.br /home/giba/crav/2003 william.jpg
110.07.27 00:09 B c:\6-rede\giba\crav\2003\rodrigoj.jpg --> casacinepoa.com.br /home/giba/crav/2003 rodrigoj.jpg
