109.06.22 22:03 B c:\6-rede\giba\crav\2007\anderson.jpg --> casacinepoa.com.br /home/giba/crav/2007 anderson.jpg
109.06.22 22:03 B c:\6-rede\giba\crav\2007\andrelu.jpg --> casacinepoa.com.br /home/giba/crav/2007 andrelu.jpg
109.06.22 22:03 B c:\6-rede\giba\crav\2007\audrey.jpg --> casacinepoa.com.br /home/giba/crav/2007 audrey.jpg
109.06.22 22:03 B c:\6-rede\giba\crav\2007\bibiana.jpg --> casacinepoa.com.br /home/giba/crav/2007 bibiana.jpg
109.06.22 22:03 B c:\6-rede\giba\crav\2007\carolina.jpg --> casacinepoa.com.br /home/giba/crav/2007 carolina.jpg
109.06.22 22:03 B c:\6-rede\giba\crav\2007\daniel-d.jpg --> casacinepoa.com.br /home/giba/crav/2007 daniel-d.jpg
109.06.22 22:03 B c:\6-rede\giba\crav\2007\daniel-e.jpg --> casacinepoa.com.br /home/giba/crav/2007 daniel-e.jpg
109.06.22 22:03 B c:\6-rede\giba\crav\2007\deniset.jpg --> casacinepoa.com.br /home/giba/crav/2007 deniset.jpg
109.06.22 22:03 B c:\6-rede\giba\crav\2007\fabiana.jpg --> casacinepoa.com.br /home/giba/crav/2007 fabiana.jpg
109.06.22 22:03 B c:\6-rede\giba\crav\2007\fernando.jpg --> casacinepoa.com.br /home/giba/crav/2007 fernando.jpg
109.06.22 22:03 B c:\6-rede\giba\crav\2007\filipe.jpg --> casacinepoa.com.br /home/giba/crav/2007 filipe.jpg
109.06.22 22:03 B c:\6-rede\giba\crav\2007\gabriela.jpg --> casacinepoa.com.br /home/giba/crav/2007 gabriela.jpg
109.06.22 22:03 B c:\6-rede\giba\crav\2007\gabrielf.jpg --> casacinepoa.com.br /home/giba/crav/2007 gabrielf.jpg
109.06.22 22:03 B c:\6-rede\giba\crav\2007\gabrielh.jpg --> casacinepoa.com.br /home/giba/crav/2007 gabrielh.jpg
109.06.22 22:03 B c:\6-rede\giba\crav\2007\guilherm.jpg --> casacinepoa.com.br /home/giba/crav/2007 guilherm.jpg
109.06.22 22:04 B c:\6-rede\giba\crav\2007\joaofabr.jpg --> casacinepoa.com.br /home/giba/crav/2007 joaofabr.jpg
109.06.22 22:04 B c:\6-rede\giba\crav\2007\juliano.jpg --> casacinepoa.com.br /home/giba/crav/2007 juliano.jpg
109.06.22 22:04 B c:\6-rede\giba\crav\2007\lilian.jpg --> casacinepoa.com.br /home/giba/crav/2007 lilian.jpg
109.06.22 22:04 B c:\6-rede\giba\crav\2007\livia.jpg --> casacinepoa.com.br /home/giba/crav/2007 livia.jpg
109.06.22 22:04 B c:\6-rede\giba\crav\2007\luciana.jpg --> casacinepoa.com.br /home/giba/crav/2007 luciana.jpg
109.06.22 22:04 B c:\6-rede\giba\crav\2007\mariana.jpg --> casacinepoa.com.br /home/giba/crav/2007 mariana.jpg
109.06.22 22:04 B c:\6-rede\giba\crav\2007\mauricio.jpg --> casacinepoa.com.br /home/giba/crav/2007 mauricio.jpg
109.06.22 22:04 B c:\6-rede\giba\crav\2007\naiara.jpg --> casacinepoa.com.br /home/giba/crav/2007 naiara.jpg
109.06.22 22:04 B c:\6-rede\giba\crav\2007\patricia.jpg --> casacinepoa.com.br /home/giba/crav/2007 patricia.jpg
109.06.22 22:04 B c:\6-rede\giba\crav\2007\pedro.jpg --> casacinepoa.com.br /home/giba/crav/2007 pedro.jpg
109.06.22 22:04 B c:\6-rede\giba\crav\2007\priscila.jpg --> casacinepoa.com.br /home/giba/crav/2007 priscila.jpg
109.06.22 22:04 B c:\6-rede\giba\crav\2007\raissa.jpg --> casacinepoa.com.br /home/giba/crav/2007 raissa.jpg
109.06.22 22:04 B c:\6-rede\giba\crav\2007\ramiro.jpg --> casacinepoa.com.br /home/giba/crav/2007 ramiro.jpg
109.06.22 22:05 B c:\6-rede\giba\crav\2007\roberta.jpg --> casacinepoa.com.br /home/giba/crav/2007 roberta.jpg
109.06.22 22:05 B c:\6-rede\giba\crav\2007\rodrigor.jpg --> casacinepoa.com.br /home/giba/crav/2007 rodrigor.jpg
109.06.22 22:05 B c:\6-rede\giba\crav\2007\rodrigos.jpg --> casacinepoa.com.br /home/giba/crav/2007 rodrigos.jpg
109.06.22 22:05 B c:\6-rede\giba\crav\2007\rossana.jpg --> casacinepoa.com.br /home/giba/crav/2007 rossana.jpg
109.06.22 22:05 B c:\6-rede\giba\crav\2007\taiuri.jpg --> casacinepoa.com.br /home/giba/crav/2007 taiuri.jpg
109.06.22 22:05 B c:\6-rede\giba\crav\2007\tiago.jpg --> casacinepoa.com.br /home/giba/crav/2007 tiago.jpg
109.06.22 22:05 B c:\6-rede\giba\crav\2007\tina.jpg --> casacinepoa.com.br /home/giba/crav/2007 tina.jpg
109.06.22 22:05 B c:\6-rede\giba\crav\2007\tyrell.jpg --> casacinepoa.com.br /home/giba/crav/2007 tyrell.jpg
109.09.16 01:01 B c:\6-rede\giba\crav\2007\rodrigok.jpg --> casacinepoa.com.br /home/giba/crav/2007 rodrigok.jpg
110.07.27 00:08 B c:\6-rede\giba\crav\2007\gustavo.jpg --> casacinepoa.com.br /home/giba/crav/2007 gustavo.jpg
